1625237007.063265 client started (73073): version 3.2, socket /private/tmp/tmux-501/default, protocol 8
1625237007.063324 on Darwin 20.4.0 Darwin Kernel Version 20.4.0: Thu Apr 22 21:46:47 PDT 2021; root:xnu-7195.101.2~1/RELEASE_X86_64
1625237007.063352 using libevent 2.1.12-stable (select); utf8proc 2.6.1; ncurses 6.2
1625237007.063401 flags are 0x10010000
1625237007.063420 socket is /private/tmp/tmux-501/default
1625237007.063445 trying connect
1625237007.063534 add peer 0x7fe799d31000: 7 (0x0)
1625237007.065525 sending message 100 to peer 0x7fe799d31000 (4 bytes)
1625237007.065554 sending message 111 to peer 0x7fe799d31000 (8 bytes)
1625237007.065570 sending message 101 to peer 0x7fe799d31000 (16 bytes)
1625237007.065582 sending message 109 to peer 0x7fe799d31000 (4 bytes)
1625237007.065600 sending message 102 to peer 0x7fe799d31000 (13 bytes)
1625237007.065613 sending message 108 to peer 0x7fe799d31000 (34 bytes)
1625237007.065625 sending message 112 to peer 0x7fe799d31000 (70 bytes)
1625237007.065637 sending message 112 to peer 0x7fe799d31000 (5 bytes)
1625237007.065656 sending message 112 to peer 0x7fe799d31000 (5 bytes)
1625237007.065668 sending message 112 to peer 0x7fe799d31000 (6 bytes)
1625237007.065679 sending message 112 to peer 0x7fe799d31000 (6 bytes)
1625237007.065691 sending message 112 to peer 0x7fe799d31000 (11 bytes)
1625237007.065702 sending message 112 to peer 0x7fe799d31000 (10 bytes)
1625237007.065718 sending message 112 to peer 0x7fe799d31000 (13 bytes)
1625237007.065739 sending message 112 to peer 0x7fe799d31000 (13 bytes)
1625237007.065758 sending message 112 to peer 0x7fe799d31000 (18 bytes)
1625237007.065780 sending message 112 to peer 0x7fe799d31000 (11 bytes)
1625237007.065801 sending message 112 to peer 0x7fe799d31000 (21 bytes)
1625237007.065819 sending message 112 to peer 0x7fe799d31000 (13 bytes)
1625237007.065838 sending message 112 to peer 0x7fe799d31000 (7 bytes)
1625237007.065861 sending message 112 to peer 0x7fe799d31000 (13 bytes)
1625237007.065880 sending message 112 to peer 0x7fe799d31000 (7 bytes)
1625237007.065894 sending message 112 to peer 0x7fe799d31000 (13 bytes)
1625237007.065906 sending message 112 to peer 0x7fe799d31000 (9 bytes)
1625237007.065917 sending message 112 to peer 0x7fe799d31000 (21 bytes)
1625237007.065928 sending message 112 to peer 0x7fe799d31000 (13 bytes)
1625237007.065939 sending message 112 to peer 0x7fe799d31000 (8 bytes)
1625237007.065951 sending message 112 to peer 0x7fe799d31000 (12 bytes)
1625237007.065962 sending message 112 to peer 0x7fe799d31000 (13 bytes)
1625237007.065973 sending message 112 to peer 0x7fe799d31000 (9 bytes)
1625237007.065984 sending message 112 to peer 0x7fe799d31000 (9 bytes)
1625237007.065996 sending message 112 to peer 0x7fe799d31000 (12 bytes)
1625237007.066007 sending message 112 to peer 0x7fe799d31000 (8 bytes)
1625237007.066018 sending message 112 to peer 0x7fe799d31000 (7 bytes)
1625237007.066029 sending message 112 to peer 0x7fe799d31000 (7 bytes)
1625237007.066040 sending message 112 to peer 0x7fe799d31000 (9 bytes)
1625237007.066052 sending message 112 to peer 0x7fe799d31000 (13 bytes)
1625237007.066064 sending message 112 to peer 0x7fe799d31000 (9 bytes)
1625237007.066075 sending message 112 to peer 0x7fe799d31000 (15 bytes)
1625237007.066086 sending message 112 to peer 0x7fe799d31000 (13 bytes)
1625237007.066097 sending message 112 to peer 0x7fe799d31000 (12 bytes)
1625237007.066108 sending message 112 to peer 0x7fe799d31000 (8 bytes)
1625237007.066119 sending message 112 to peer 0x7fe799d31000 (14 bytes)
1625237007.066135 sending message 112 to peer 0x7fe799d31000 (9 bytes)
1625237007.066147 sending message 112 to peer 0x7fe799d31000 (10 bytes)
1625237007.066158 sending message 112 to peer 0x7fe799d31000 (10 bytes)
1625237007.066169 sending message 112 to peer 0x7fe799d31000 (10 bytes)
1625237007.066180 sending message 112 to peer 0x7fe799d31000 (10 bytes)
1625237007.066197 sending message 112 to peer 0x7fe799d31000 (11 bytes)
1625237007.066216 sending message 112 to peer 0x7fe799d31000 (10 bytes)
1625237007.066238 sending message 112 to peer 0x7fe799d31000 (8 bytes)
1625237007.066273 sending message 112 to peer 0x7fe799d31000 (11 bytes)
1625237007.066292 sending message 112 to peer 0x7fe799d31000 (11 bytes)
1625237007.066309 sending message 112 to peer 0x7fe799d31000 (11 bytes)
1625237007.066325 sending message 112 to peer 0x7fe799d31000 (8 bytes)
1625237007.066341 sending message 112 to peer 0x7fe799d31000 (8 bytes)
1625237007.066352 sending message 112 to peer 0x7fe799d31000 (8 bytes)
1625237007.066362 sending message 112 to peer 0x7fe799d31000 (10 bytes)
1625237007.066370 sending message 112 to peer 0x7fe799d31000 (10 bytes)
1625237007.066379 sending message 112 to peer 0x7fe799d31000 (10 bytes)
1625237007.066388 sending message 112 to peer 0x7fe799d31000 (10 bytes)
1625237007.066397 sending message 112 to peer 0x7fe799d31000 (10 bytes)
1625237007.066410 sending message 112 to peer 0x7fe799d31000 (11 bytes)
1625237007.066419 sending message 112 to peer 0x7fe799d31000 (11 bytes)
1625237007.066428 sending message 112 to peer 0x7fe799d31000 (10 bytes)
1625237007.066437 sending message 112 to peer 0x7fe799d31000 (9 bytes)
1625237007.066445 sending message 112 to peer 0x7fe799d31000 (9 bytes)
1625237007.066454 sending message 112 to peer 0x7fe799d31000 (12 bytes)
1625237007.066464 sending message 112 to peer 0x7fe799d31000 (9 bytes)
1625237007.066473 sending message 112 to peer 0x7fe799d31000 (6 bytes)
1625237007.066481 sending message 112 to peer 0x7fe799d31000 (13 bytes)
1625237007.066490 sending message 112 to peer 0x7fe799d31000 (8 bytes)
1625237007.066499 sending message 112 to peer 0x7fe799d31000 (15 bytes)
1625237007.066508 sending message 112 to peer 0x7fe799d31000 (13 bytes)
1625237007.066516 sending message 112 to peer 0x7fe799d31000 (70 bytes)
1625237007.066525 sending message 112 to peer 0x7fe799d31000 (69 bytes)
1625237007.066534 sending message 112 to peer 0x7fe799d31000 (10 bytes)
1625237007.066543 sending message 112 to peer 0x7fe799d31000 (8 bytes)
1625237007.066551 sending message 112 to peer 0x7fe799d31000 (15 bytes)
1625237007.066560 sending message 112 to peer 0x7fe799d31000 (13 bytes)
1625237007.066569 sending message 112 to peer 0x7fe799d31000 (10 bytes)
1625237007.066578 sending message 112 to peer 0x7fe799d31000 (10 bytes)
1625237007.066587 sending message 112 to peer 0x7fe799d31000 (5 bytes)
1625237007.066600 sending message 112 to peer 0x7fe799d31000 (15 bytes)
1625237007.066621 sending message 104 to peer 0x7fe799d31000 (0 bytes)
1625237007.066632 sending message 110 to peer 0x7fe799d31000 (0 bytes)
1625237007.066641 sending message 107 to peer 0x7fe799d31000 (4 bytes)
1625237007.066651 sending message 105 to peer 0x7fe799d31000 (14 bytes)
1625237007.066661 sending message 105 to peer 0x7fe799d31000 (20 bytes)
1625237007.066677 sending message 105 to peer 0x7fe799d31000 (22 bytes)
1625237007.066693 sending message 105 to peer 0x7fe799d31000 (23 bytes)
1625237007.066710 sending message 105 to peer 0x7fe799d31000 (47 bytes)
1625237007.066726 sending message 105 to peer 0x7fe799d31000 (40 bytes)
1625237007.066742 sending message 105 to peer 0x7fe799d31000 (30 bytes)
1625237007.066757 sending message 105 to peer 0x7fe799d31000 (55 bytes)
1625237007.066954 sending message 105 to peer 0x7fe799d31000 (14 bytes)
1625237007.069744 sending message 105 to peer 0x7fe799d31000 (75 bytes)
1625237007.069895 sending message 105 to peer 0x7fe799d31000 (47 bytes)
1625237007.069924 sending message 105 to peer 0x7fe799d31000 (92 bytes)
1625237007.069938 sending message 105 to peer 0x7fe799d31000 (15 bytes)
1625237007.069950 sending message 105 to peer 0x7fe799d31000 (36 bytes)
1625237007.069966 sending message 105 to peer 0x7fe799d31000 (66 bytes)
1625237007.069978 sending message 105 to peer 0x7fe799d31000 (39 bytes)
1625237007.070001 sending message 105 to peer 0x7fe799d31000 (1752 bytes)
1625237007.070015 sending message 105 to peer 0x7fe799d31000 (27 bytes)
1625237007.070027 sending message 105 to peer 0x7fe799d31000 (32 bytes)
1625237007.070038 sending message 105 to peer 0x7fe799d31000 (33 bytes)
1625237007.070050 sending message 105 to peer 0x7fe799d31000 (39 bytes)
1625237007.070074 sending message 105 to peer 0x7fe799d31000 (19 bytes)
1625237007.070086 sending message 105 to peer 0x7fe799d31000 (22 bytes)
1625237007.070097 sending message 105 to peer 0x7fe799d31000 (53 bytes)
1625237007.070107 sending message 105 to peer 0x7fe799d31000 (22 bytes)
1625237007.070117 sending message 105 to peer 0x7fe799d31000 (61 bytes)
1625237007.070127 sending message 105 to peer 0x7fe799d31000 (29 bytes)
1625237007.070137 sending message 105 to peer 0x7fe799d31000 (15 bytes)
1625237007.070146 sending message 105 to peer 0x7fe799d31000 (19 bytes)
1625237007.070156 sending message 105 to peer 0x7fe799d31000 (26 bytes)
1625237007.070166 sending message 105 to peer 0x7fe799d31000 (8 bytes)
1625237007.070175 sending message 105 to peer 0x7fe799d31000 (18 bytes)
1625237007.070185 sending message 105 to peer 0x7fe799d31000 (32 bytes)
1625237007.070194 sending message 105 to peer 0x7fe799d31000 (53 bytes)
1625237007.070203 sending message 105 to peer 0x7fe799d31000 (24 bytes)
1625237007.070212 sending message 105 to peer 0x7fe799d31000 (10 bytes)
1625237007.070221 sending message 105 to peer 0x7fe799d31000 (11 bytes)
1625237007.070230 sending message 105 to peer 0x7fe799d31000 (959 bytes)
1625237007.070240 sending message 105 to peer 0x7fe799d31000 (38 bytes)
1625237007.070250 sending message 105 to peer 0x7fe799d31000 (24 bytes)
1625237007.070259 sending message 105 to peer 0x7fe799d31000 (19 bytes)
1625237007.070269 sending message 105 to peer 0x7fe799d31000 (15 bytes)
1625237007.070280 sending message 105 to peer 0x7fe799d31000 (8 bytes)
1625237007.070291 sending message 105 to peer 0x7fe799d31000 (66 bytes)
1625237007.070300 sending message 105 to peer 0x7fe799d31000 (21 bytes)
1625237007.070314 sending message 105 to peer 0x7fe799d31000 (18 bytes)
1625237007.070325 sending message 105 to peer 0x7fe799d31000 (25 bytes)
1625237007.070335 sending message 105 to peer 0x7fe799d31000 (60 bytes)
1625237007.070345 sending message 105 to peer 0x7fe799d31000 (57 bytes)
1625237007.070359 sending message 105 to peer 0x7fe799d31000 (43 bytes)
1625237007.070377 sending message 105 to peer 0x7fe799d31000 (14 bytes)
1625237007.070394 sending message 105 to peer 0x7fe799d31000 (57 bytes)
1625237007.070411 sending message 105 to peer 0x7fe799d31000 (15 bytes)
1625237007.070429 sending message 105 to peer 0x7fe799d31000 (14 bytes)
1625237007.070446 sending message 105 to peer 0x7fe799d31000 (19 bytes)
1625237007.070462 sending message 105 to peer 0x7fe799d31000 (32 bytes)
1625237007.070478 sending message 105 to peer 0x7fe799d31000 (11 bytes)
1625237007.070494 sending message 105 to peer 0x7fe799d31000 (7 bytes)
1625237007.070509 sending message 105 to peer 0x7fe799d31000 (43 bytes)
1625237007.070525 sending message 105 to peer 0x7fe799d31000 (32 bytes)
1625237007.070540 sending message 105 to peer 0x7fe799d31000 (20 bytes)
1625237007.070552 sending message 105 to peer 0x7fe799d31000 (14 bytes)
1625237007.070565 sending message 105 to peer 0x7fe799d31000 (39 bytes)
1625237007.070575 sending message 105 to peer 0x7fe799d31000 (15 bytes)
1625237007.070584 sending message 105 to peer 0x7fe799d31000 (27 bytes)
1625237007.070592 sending message 105 to peer 0x7fe799d31000 (18 bytes)
1625237007.070601 sending message 105 to peer 0x7fe799d31000 (14 bytes)
1625237007.070610 sending message 105 to peer 0x7fe799d31000 (18 bytes)
1625237007.070618 sending message 105 to peer 0x7fe799d31000 (20 bytes)
1625237007.070627 sending message 105 to peer 0x7fe799d31000 (31 bytes)
1625237007.070635 sending message 105 to peer 0x7fe799d31000 (28 bytes)
1625237007.070644 sending message 105 to peer 0x7fe799d31000 (23 bytes)
1625237007.070653 sending message 105 to peer 0x7fe799d31000 (11 bytes)
1625237007.070662 sending message 105 to peer 0x7fe799d31000 (16 bytes)
1625237007.070670 sending message 105 to peer 0x7fe799d31000 (15 bytes)
1625237007.070679 sending message 105 to peer 0x7fe799d31000 (15 bytes)
1625237007.070687 sending message 105 to peer 0x7fe799d31000 (15 bytes)
1625237007.070696 sending message 105 to peer 0x7fe799d31000 (23 bytes)
1625237007.070715 sending message 105 to peer 0x7fe799d31000 (15 bytes)
1625237007.070724 sending message 105 to peer 0x7fe799d31000 (17 bytes)
1625237007.070733 sending message 105 to peer 0x7fe799d31000 (9 bytes)
1625237007.070744 sending message 105 to peer 0x7fe799d31000 (17 bytes)
1625237007.070754 sending message 105 to peer 0x7fe799d31000 (14 bytes)
1625237007.070762 sending message 105 to peer 0x7fe799d31000 (29 bytes)
1625237007.070771 sending message 105 to peer 0x7fe799d31000 (10 bytes)
1625237007.070784 sending message 105 to peer 0x7fe799d31000 (22 bytes)
1625237007.070795 sending message 106 to peer 0x7fe799d31000 (0 bytes)
1625237007.070824 sending message 200 to peer 0x7fe799d31000 (4 bytes)
1625237007.070844 client loop enter
1625237007.071490 peer 0x7fe799d31000 message 303
1625237007.071515 open write file 2 -
1625237007.071552 sending message 305 to peer 0x7fe799d31000 (8 bytes)
1625237007.071579 write check file 2
1625237007.071654 peer 0x7fe799d31000 message 304
1625237007.071667 write 58 to file 2
1625237007.071690 peer 0x7fe799d31000 message 203
1625237007.071702 file 2 58 bytes left
1625237007.071741 write check file 2
1625237007.071751 client loop exit
